SET id=1 OK: TEST_STATUS =  ========== Creating Partition: {1,2,3} {4,5} ==========
SET id=2 OK: b = 43
SET id=3 OK: c = 44
SET id=4 OK: d = 45
GET id=5 OK: b = 43
ERROR: GET id=6 failed (k=b): |Src: node-2 | b= 43 : Current Leader is node-1
ERROR: GET id=7 failed (k=b): |Src: node-3 | b= 43 : Current Leader is node-1
ERROR: GET id=8 failed (k=b): |Src: node-4 | No such key: b : In Election Cycle
ERROR: GET id=9 failed (k=b): |Src: node-5 | No such key: b : In Election Cycle
GET id=10 OK: c = 44
ERROR: GET id=11 failed (k=c): |Src: node-2 | c= 44 : Current Leader is node-1
ERROR: GET id=12 failed (k=c): |Src: node-3 | c= 44 : Current Leader is node-1
ERROR: GET id=13 failed (k=c): |Src: node-4 | No such key: c : In Election Cycle
ERROR: GET id=14 failed (k=c): |Src: node-5 | No such key: c : In Election Cycle
GET id=15 OK: d = 45
ERROR: GET id=16 failed (k=d): |Src: node-2 | d= 45 : Current Leader is node-1
ERROR: GET id=17 failed (k=d): |Src: node-3 | d= 45 : Current Leader is node-1
ERROR: GET id=18 failed (k=d): |Src: node-4 | No such key: d : In Election Cycle
ERROR: GET id=19 failed (k=d): |Src: node-5 | No such key: d : In Election Cycle
ERROR: SET id=20 failed (TEST_STATUS= ========== Removing Partition ==========): |Src:node-1 | Current Leader is node-3
ERROR: GET id=21 failed (k=b): |Src: node-1 | b= 43 : Current Leader is node-3
ERROR: GET id=22 failed (k=b): |Src: node-2 | b= 43 : Current Leader is node-3
GET id=23 OK: b = 43
ERROR: GET id=24 failed (k=b): |Src: node-4 | b= 43 : Current Leader is node-3
ERROR: GET id=25 failed (k=b): |Src: node-5 | b= 43 : Current Leader is node-3
ERROR: GET id=26 failed (k=c): |Src: node-1 | c= 44 : Current Leader is node-3
ERROR: GET id=27 failed (k=c): |Src: node-2 | c= 44 : Current Leader is node-3
GET id=28 OK: c = 44
ERROR: GET id=29 failed (k=c): |Src: node-4 | c= 44 : Current Leader is node-3
ERROR: GET id=30 failed (k=c): |Src: node-5 | c= 44 : Current Leader is node-3
ERROR: GET id=31 failed (k=d): |Src: node-1 | d= 45 : Current Leader is node-3
ERROR: GET id=32 failed (k=d): |Src: node-2 | d= 45 : Current Leader is node-3
GET id=33 OK: d = 45
ERROR: GET id=34 failed (k=d): |Src: node-4 | d= 45 : Current Leader is node-3
ERROR: GET id=35 failed (k=d): |Src: node-5 | d= 45 : Current Leader is node-3
