SET id=1 OK: A = 1
SET id=2 OK: B = 2
SET id=3 OK: C = 3
SET id=4 OK: D = 4
SET id=5 OK: E = 5
SET id=6 OK: F = 6
SET id=7 OK: G = 7
SET id=8 OK: H = 8
SET id=9 OK: I = 9
SET id=10 OK: J = 10
SET id=11 OK: K = 11
SET id=12 OK: L = 12
SET id=13 OK: M = 13
SET id=14 OK: N = 14
SET id=15 OK: O = 15
SET id=16 OK: P = 16
SET id=17 OK: Q = 17
SET id=18 OK: R = 18
SET id=19 OK: S = 19
SET id=20 OK: T = 20
SET id=21 OK: U = 21
SET id=22 OK: V = 22
SET id=23 OK: W = 23
SET id=24 OK: X = 24
SET id=25 OK: Y = 25
SET id=26 OK: Z = 26
GET id=27 OK: A = 1
GET id=28 OK: B = 2
GET id=29 OK: C = 3
GET id=30 OK: D = 4
GET id=31 OK: E = 5
GET id=32 OK: F = 6
GET id=33 OK: G = 7
GET id=34 OK: H = 8
GET id=35 OK: I = 9
GET id=36 OK: J = 10
GET id=37 OK: K = 11
GET id=38 OK: L = 12
GET id=39 OK: M = 13
GET id=40 OK: N = 14
GET id=41 OK: O = 15
GET id=42 OK: P = 16
GET id=43 OK: Q = 17
GET id=44 OK: R = 18
GET id=45 OK: S = 19
GET id=46 OK: T = 20
GET id=47 OK: U = 21
GET id=48 OK: V = 22
GET id=49 OK: W = 23
GET id=50 OK: X = 24
GET id=51 OK: Y = 25
GET id=52 OK: Z = 26
ERROR: GET id=53 failed (k=A): |Src: node-2 | A= 1 : Current Leader is node-1
ERROR: GET id=54 failed (k=B): |Src: node-2 | B= 2 : Current Leader is node-1
ERROR: GET id=55 failed (k=C): |Src: node-2 | C= 3 : Current Leader is node-1
ERROR: GET id=56 failed (k=D): |Src: node-2 | D= 4 : Current Leader is node-1
ERROR: GET id=57 failed (k=E): |Src: node-2 | E= 5 : Current Leader is node-1
ERROR: GET id=58 failed (k=F): |Src: node-2 | F= 6 : Current Leader is node-1
ERROR: GET id=59 failed (k=G): |Src: node-2 | G= 7 : Current Leader is node-1
ERROR: GET id=60 failed (k=H): |Src: node-2 | H= 8 : Current Leader is node-1
ERROR: GET id=61 failed (k=I): |Src: node-2 | I= 9 : Current Leader is node-1
ERROR: GET id=62 failed (k=J): |Src: node-2 | J= 10 : Current Leader is node-1
ERROR: GET id=63 failed (k=K): |Src: node-2 | K= 11 : Current Leader is node-1
ERROR: GET id=64 failed (k=L): |Src: node-2 | L= 12 : Current Leader is node-1
ERROR: GET id=65 failed (k=M): |Src: node-2 | M= 13 : Current Leader is node-1
ERROR: GET id=66 failed (k=N): |Src: node-2 | N= 14 : Current Leader is node-1
ERROR: GET id=67 failed (k=O): |Src: node-2 | O= 15 : Current Leader is node-1
ERROR: GET id=68 failed (k=P): |Src: node-2 | P= 16 : Current Leader is node-1
ERROR: GET id=69 failed (k=Q): |Src: node-2 | Q= 17 : Current Leader is node-1
ERROR: GET id=70 failed (k=R): |Src: node-2 | R= 18 : Current Leader is node-1
ERROR: GET id=71 failed (k=S): |Src: node-2 | S= 19 : Current Leader is node-1
ERROR: GET id=72 failed (k=T): |Src: node-2 | T= 20 : Current Leader is node-1
ERROR: GET id=73 failed (k=U): |Src: node-2 | U= 21 : Current Leader is node-1
ERROR: GET id=74 failed (k=V): |Src: node-2 | V= 22 : Current Leader is node-1
ERROR: GET id=75 failed (k=W): |Src: node-2 | W= 23 : Current Leader is node-1
ERROR: GET id=76 failed (k=X): |Src: node-2 | X= 24 : Current Leader is node-1
ERROR: GET id=77 failed (k=Y): |Src: node-2 | Y= 25 : Current Leader is node-1
ERROR: GET id=78 failed (k=Z): |Src: node-2 | Z= 26 : Current Leader is node-1
ERROR: GET id=79 failed (k=A): |Src: node-3 | A= 1 : Current Leader is node-1
ERROR: GET id=80 failed (k=B): |Src: node-3 | B= 2 : Current Leader is node-1
ERROR: GET id=81 failed (k=C): |Src: node-3 | C= 3 : Current Leader is node-1
ERROR: GET id=82 failed (k=D): |Src: node-3 | D= 4 : Current Leader is node-1
ERROR: GET id=83 failed (k=E): |Src: node-3 | E= 5 : Current Leader is node-1
ERROR: GET id=84 failed (k=F): |Src: node-3 | F= 6 : Current Leader is node-1
ERROR: GET id=85 failed (k=G): |Src: node-3 | G= 7 : Current Leader is node-1
ERROR: GET id=86 failed (k=H): |Src: node-3 | H= 8 : Current Leader is node-1
ERROR: GET id=87 failed (k=I): |Src: node-3 | I= 9 : Current Leader is node-1
ERROR: GET id=88 failed (k=J): |Src: node-3 | J= 10 : Current Leader is node-1
ERROR: GET id=89 failed (k=K): |Src: node-3 | K= 11 : Current Leader is node-1
ERROR: GET id=90 failed (k=L): |Src: node-3 | L= 12 : Current Leader is node-1
ERROR: GET id=91 failed (k=M): |Src: node-3 | M= 13 : Current Leader is node-1
ERROR: GET id=92 failed (k=N): |Src: node-3 | N= 14 : Current Leader is node-1
ERROR: GET id=93 failed (k=O): |Src: node-3 | O= 15 : Current Leader is node-1
ERROR: GET id=94 failed (k=P): |Src: node-3 | P= 16 : Current Leader is node-1
ERROR: GET id=95 failed (k=Q): |Src: node-3 | Q= 17 : Current Leader is node-1
ERROR: GET id=96 failed (k=R): |Src: node-3 | R= 18 : Current Leader is node-1
ERROR: GET id=97 failed (k=S): |Src: node-3 | S= 19 : Current Leader is node-1
ERROR: GET id=98 failed (k=T): |Src: node-3 | T= 20 : Current Leader is node-1
ERROR: GET id=99 failed (k=U): |Src: node-3 | U= 21 : Current Leader is node-1
ERROR: GET id=100 failed (k=V): |Src: node-3 | V= 22 : Current Leader is node-1
ERROR: GET id=101 failed (k=W): |Src: node-3 | W= 23 : Current Leader is node-1
ERROR: GET id=102 failed (k=X): |Src: node-3 | X= 24 : Current Leader is node-1
ERROR: GET id=103 failed (k=Y): |Src: node-3 | Y= 25 : Current Leader is node-1
ERROR: GET id=104 failed (k=Z): |Src: node-3 | Z= 26 : Current Leader is node-1
ERROR: GET id=105 failed (k=A): |Src: node-4 | A= 1 : Current Leader is node-1
ERROR: GET id=106 failed (k=B): |Src: node-4 | B= 2 : Current Leader is node-1
ERROR: GET id=107 failed (k=C): |Src: node-4 | C= 3 : Current Leader is node-1
ERROR: GET id=108 failed (k=D): |Src: node-4 | D= 4 : Current Leader is node-1
ERROR: GET id=109 failed (k=E): |Src: node-4 | E= 5 : Current Leader is node-1
ERROR: GET id=110 failed (k=F): |Src: node-4 | F= 6 : Current Leader is node-1
ERROR: GET id=111 failed (k=G): |Src: node-4 | G= 7 : Current Leader is node-1
ERROR: GET id=112 failed (k=H): |Src: node-4 | H= 8 : Current Leader is node-1
ERROR: GET id=113 failed (k=I): |Src: node-4 | I= 9 : Current Leader is node-1
ERROR: GET id=114 failed (k=J): |Src: node-4 | J= 10 : Current Leader is node-1
ERROR: GET id=115 failed (k=K): |Src: node-4 | K= 11 : Current Leader is node-1
ERROR: GET id=116 failed (k=L): |Src: node-4 | L= 12 : Current Leader is node-1
ERROR: GET id=117 failed (k=M): |Src: node-4 | M= 13 : Current Leader is node-1
ERROR: GET id=118 failed (k=N): |Src: node-4 | N= 14 : Current Leader is node-1
ERROR: GET id=119 failed (k=O): |Src: node-4 | O= 15 : Current Leader is node-1
ERROR: GET id=120 failed (k=P): |Src: node-4 | P= 16 : Current Leader is node-1
ERROR: GET id=121 failed (k=Q): |Src: node-4 | Q= 17 : Current Leader is node-1
ERROR: GET id=122 failed (k=R): |Src: node-4 | R= 18 : Current Leader is node-1
ERROR: GET id=123 failed (k=S): |Src: node-4 | S= 19 : Current Leader is node-1
ERROR: GET id=124 failed (k=T): |Src: node-4 | T= 20 : Current Leader is node-1
ERROR: GET id=125 failed (k=U): |Src: node-4 | U= 21 : Current Leader is node-1
ERROR: GET id=126 failed (k=V): |Src: node-4 | V= 22 : Current Leader is node-1
ERROR: GET id=127 failed (k=W): |Src: node-4 | W= 23 : Current Leader is node-1
ERROR: GET id=128 failed (k=X): |Src: node-4 | X= 24 : Current Leader is node-1
ERROR: GET id=129 failed (k=Y): |Src: node-4 | Y= 25 : Current Leader is node-1
ERROR: GET id=130 failed (k=Z): |Src: node-4 | Z= 26 : Current Leader is node-1
SET id=131 OK: A = 101
SET id=132 OK: B = 102
SET id=133 OK: C = 103
SET id=134 OK: D = 104
SET id=135 OK: E = 105
SET id=136 OK: F = 106
SET id=137 OK: G = 107
SET id=138 OK: H = 108
SET id=139 OK: I = 109
SET id=140 OK: J = 1010
SET id=141 OK: K = 1011
SET id=142 OK: L = 1012
SET id=143 OK: M = 1013
SET id=144 OK: N = 1014
SET id=145 OK: O = 1015
SET id=146 OK: P = 1016
SET id=147 OK: Q = 1017
SET id=148 OK: R = 1018
SET id=149 OK: S = 1019
SET id=150 OK: T = 1020
SET id=151 OK: U = 1021
SET id=152 OK: V = 1022
SET id=153 OK: W = 1023
SET id=154 OK: X = 1024
SET id=155 OK: Y = 1025
SET id=156 OK: Z = 1026
GET id=157 OK: A = 101
GET id=158 OK: B = 102
GET id=159 OK: C = 103
GET id=160 OK: D = 104
GET id=161 OK: E = 105
GET id=162 OK: F = 106
GET id=163 OK: G = 107
GET id=164 OK: H = 108
GET id=165 OK: I = 109
GET id=166 OK: J = 1010
GET id=167 OK: K = 1011
GET id=168 OK: L = 1012
GET id=169 OK: M = 1013
GET id=170 OK: N = 1014
GET id=171 OK: O = 1015
GET id=172 OK: P = 1016
GET id=173 OK: Q = 1017
GET id=174 OK: R = 1018
GET id=175 OK: S = 1019
GET id=176 OK: T = 1020
GET id=177 OK: U = 1021
GET id=178 OK: V = 1022
GET id=179 OK: W = 1023
GET id=180 OK: X = 1024
GET id=181 OK: Y = 1025
GET id=182 OK: Z = 1026
ERROR: GET id=183 failed (k=A): |Src: node-2 | A= 101 : Current Leader is node-1
ERROR: GET id=184 failed (k=B): |Src: node-2 | B= 102 : Current Leader is node-1
ERROR: GET id=185 failed (k=C): |Src: node-2 | C= 103 : Current Leader is node-1
ERROR: GET id=186 failed (k=D): |Src: node-2 | D= 104 : Current Leader is node-1
ERROR: GET id=187 failed (k=E): |Src: node-2 | E= 105 : Current Leader is node-1
ERROR: GET id=188 failed (k=F): |Src: node-2 | F= 106 : Current Leader is node-1
ERROR: GET id=189 failed (k=G): |Src: node-2 | G= 107 : Current Leader is node-1
ERROR: GET id=190 failed (k=H): |Src: node-2 | H= 108 : Current Leader is node-1
ERROR: GET id=191 failed (k=I): |Src: node-2 | I= 109 : Current Leader is node-1
ERROR: GET id=192 failed (k=J): |Src: node-2 | J= 1010 : Current Leader is node-1
ERROR: GET id=193 failed (k=K): |Src: node-2 | K= 1011 : Current Leader is node-1
ERROR: GET id=194 failed (k=L): |Src: node-2 | L= 1012 : Current Leader is node-1
ERROR: GET id=195 failed (k=M): |Src: node-2 | M= 1013 : Current Leader is node-1
ERROR: GET id=196 failed (k=N): |Src: node-2 | N= 1014 : Current Leader is node-1
ERROR: GET id=197 failed (k=O): |Src: node-2 | O= 1015 : Current Leader is node-1
ERROR: GET id=198 failed (k=P): |Src: node-2 | P= 1016 : Current Leader is node-1
ERROR: GET id=199 failed (k=Q): |Src: node-2 | Q= 1017 : Current Leader is node-1
ERROR: GET id=200 failed (k=R): |Src: node-2 | R= 1018 : Current Leader is node-1
ERROR: GET id=201 failed (k=S): |Src: node-2 | S= 1019 : Current Leader is node-1
ERROR: GET id=202 failed (k=T): |Src: node-2 | T= 1020 : Current Leader is node-1
ERROR: GET id=203 failed (k=U): |Src: node-2 | U= 1021 : Current Leader is node-1
ERROR: GET id=204 failed (k=V): |Src: node-2 | V= 1022 : Current Leader is node-1
ERROR: GET id=205 failed (k=W): |Src: node-2 | W= 1023 : Current Leader is node-1
ERROR: GET id=206 failed (k=X): |Src: node-2 | X= 1024 : Current Leader is node-1
ERROR: GET id=207 failed (k=Y): |Src: node-2 | Y= 1025 : Current Leader is node-1
ERROR: GET id=208 failed (k=Z): |Src: node-2 | Z= 1026 : Current Leader is node-1
ERROR: GET id=209 failed (k=A): |Src: node-3 | A= 101 : Current Leader is node-1
ERROR: GET id=210 failed (k=B): |Src: node-3 | B= 102 : Current Leader is node-1
ERROR: GET id=211 failed (k=C): |Src: node-3 | C= 103 : Current Leader is node-1
ERROR: GET id=212 failed (k=D): |Src: node-3 | D= 104 : Current Leader is node-1
ERROR: GET id=213 failed (k=E): |Src: node-3 | E= 105 : Current Leader is node-1
ERROR: GET id=214 failed (k=F): |Src: node-3 | F= 106 : Current Leader is node-1
ERROR: GET id=215 failed (k=G): |Src: node-3 | G= 107 : Current Leader is node-1
ERROR: GET id=216 failed (k=H): |Src: node-3 | H= 108 : Current Leader is node-1
ERROR: GET id=217 failed (k=I): |Src: node-3 | I= 109 : Current Leader is node-1
ERROR: GET id=218 failed (k=J): |Src: node-3 | J= 1010 : Current Leader is node-1
ERROR: GET id=219 failed (k=K): |Src: node-3 | K= 1011 : Current Leader is node-1
ERROR: GET id=220 failed (k=L): |Src: node-3 | L= 1012 : Current Leader is node-1
ERROR: GET id=221 failed (k=M): |Src: node-3 | M= 1013 : Current Leader is node-1
ERROR: GET id=222 failed (k=N): |Src: node-3 | N= 1014 : Current Leader is node-1
ERROR: GET id=223 failed (k=O): |Src: node-3 | O= 1015 : Current Leader is node-1
ERROR: GET id=224 failed (k=P): |Src: node-3 | P= 1016 : Current Leader is node-1
ERROR: GET id=225 failed (k=Q): |Src: node-3 | Q= 1017 : Current Leader is node-1
ERROR: GET id=226 failed (k=R): |Src: node-3 | R= 1018 : Current Leader is node-1
ERROR: GET id=227 failed (k=S): |Src: node-3 | S= 1019 : Current Leader is node-1
ERROR: GET id=228 failed (k=T): |Src: node-3 | T= 1020 : Current Leader is node-1
ERROR: GET id=229 failed (k=U): |Src: node-3 | U= 1021 : Current Leader is node-1
ERROR: GET id=230 failed (k=V): |Src: node-3 | V= 1022 : Current Leader is node-1
ERROR: GET id=231 failed (k=W): |Src: node-3 | W= 1023 : Current Leader is node-1
ERROR: GET id=232 failed (k=X): |Src: node-3 | X= 1024 : Current Leader is node-1
ERROR: GET id=233 failed (k=Y): |Src: node-3 | Y= 1025 : Current Leader is node-1
ERROR: GET id=234 failed (k=Z): |Src: node-3 | Z= 1026 : Current Leader is node-1
ERROR: GET id=235 failed (k=A): |Src: node-4 | A= 101 : Current Leader is node-1
ERROR: GET id=236 failed (k=B): |Src: node-4 | B= 102 : Current Leader is node-1
ERROR: GET id=237 failed (k=C): |Src: node-4 | C= 103 : Current Leader is node-1
ERROR: GET id=238 failed (k=D): |Src: node-4 | D= 104 : Current Leader is node-1
ERROR: GET id=239 failed (k=E): |Src: node-4 | E= 105 : Current Leader is node-1
ERROR: GET id=240 failed (k=F): |Src: node-4 | F= 106 : Current Leader is node-1
ERROR: GET id=241 failed (k=G): |Src: node-4 | G= 107 : Current Leader is node-1
ERROR: GET id=242 failed (k=H): |Src: node-4 | H= 108 : Current Leader is node-1
ERROR: GET id=243 failed (k=I): |Src: node-4 | I= 109 : Current Leader is node-1
ERROR: GET id=244 failed (k=J): |Src: node-4 | J= 1010 : Current Leader is node-1
ERROR: GET id=245 failed (k=K): |Src: node-4 | K= 1011 : Current Leader is node-1
ERROR: GET id=246 failed (k=L): |Src: node-4 | L= 1012 : Current Leader is node-1
ERROR: GET id=247 failed (k=M): |Src: node-4 | M= 1013 : Current Leader is node-1
ERROR: GET id=248 failed (k=N): |Src: node-4 | N= 1014 : Current Leader is node-1
ERROR: GET id=249 failed (k=O): |Src: node-4 | O= 1015 : Current Leader is node-1
ERROR: GET id=250 failed (k=P): |Src: node-4 | P= 1016 : Current Leader is node-1
ERROR: GET id=251 failed (k=Q): |Src: node-4 | Q= 1017 : Current Leader is node-1
ERROR: GET id=252 failed (k=R): |Src: node-4 | R= 1018 : Current Leader is node-1
ERROR: GET id=253 failed (k=S): |Src: node-4 | S= 1019 : Current Leader is node-1
ERROR: GET id=254 failed (k=T): |Src: node-4 | T= 1020 : Current Leader is node-1
ERROR: GET id=255 failed (k=U): |Src: node-4 | U= 1021 : Current Leader is node-1
ERROR: GET id=256 failed (k=V): |Src: node-4 | V= 1022 : Current Leader is node-1
ERROR: GET id=257 failed (k=W): |Src: node-4 | W= 1023 : Current Leader is node-1
ERROR: GET id=258 failed (k=X): |Src: node-4 | X= 1024 : Current Leader is node-1
ERROR: GET id=259 failed (k=Y): |Src: node-4 | Y= 1025 : Current Leader is node-1
ERROR: GET id=260 failed (k=Z): |Src: node-4 | Z= 1026 : Current Leader is node-1
SET id=261 OK: A = final_A
SET id=262 OK: B = final_B
SET id=263 OK: C = final_C
SET id=264 OK: D = final_D
SET id=265 OK: E = final_E
SET id=266 OK: F = final_F
SET id=267 OK: G = final_G
SET id=268 OK: H = final_H
SET id=269 OK: I = final_I
SET id=270 OK: J = final_J
SET id=271 OK: K = final_K
SET id=272 OK: L = final_L
SET id=273 OK: M = final_M
SET id=274 OK: N = final_N
SET id=275 OK: O = final_O
SET id=276 OK: P = final_P
SET id=277 OK: Q = final_Q
SET id=278 OK: R = final_R
SET id=279 OK: S = final_S
SET id=280 OK: T = final_T
SET id=281 OK: U = final_U
SET id=282 OK: V = final_V
SET id=283 OK: W = final_W
SET id=284 OK: X = final_X
SET id=285 OK: Y = final_Y
SET id=286 OK: Z = final_Z
GET id=287 OK: A = final_A
GET id=288 OK: B = final_B
GET id=289 OK: C = final_C
GET id=290 OK: D = final_D
GET id=291 OK: E = final_E
GET id=292 OK: F = final_F
GET id=293 OK: G = final_G
GET id=294 OK: H = final_H
GET id=295 OK: I = final_I
GET id=296 OK: J = final_J
GET id=297 OK: K = final_K
GET id=298 OK: L = final_L
GET id=299 OK: M = final_M
GET id=300 OK: N = final_N
GET id=301 OK: O = final_O
GET id=302 OK: P = final_P
GET id=303 OK: Q = final_Q
GET id=304 OK: R = final_R
GET id=305 OK: S = final_S
GET id=306 OK: T = final_T
GET id=307 OK: U = final_U
GET id=308 OK: V = final_V
GET id=309 OK: W = final_W
GET id=310 OK: X = final_X
GET id=311 OK: Y = final_Y
GET id=312 OK: Z = final_Z
ERROR: GET id=313 failed (k=A): |Src: node-2 | A= final_A : Current Leader is node-1
ERROR: GET id=314 failed (k=B): |Src: node-2 | B= final_B : Current Leader is node-1
ERROR: GET id=315 failed (k=C): |Src: node-2 | C= final_C : Current Leader is node-1
ERROR: GET id=316 failed (k=D): |Src: node-2 | D= final_D : Current Leader is node-1
ERROR: GET id=317 failed (k=E): |Src: node-2 | E= final_E : Current Leader is node-1
ERROR: GET id=318 failed (k=F): |Src: node-2 | F= final_F : Current Leader is node-1
ERROR: GET id=319 failed (k=G): |Src: node-2 | G= final_G : Current Leader is node-1
ERROR: GET id=320 failed (k=H): |Src: node-2 | H= final_H : Current Leader is node-1
ERROR: GET id=321 failed (k=I): |Src: node-2 | I= final_I : Current Leader is node-1
ERROR: GET id=322 failed (k=J): |Src: node-2 | J= final_J : Current Leader is node-1
ERROR: GET id=323 failed (k=K): |Src: node-2 | K= final_K : Current Leader is node-1
ERROR: GET id=324 failed (k=L): |Src: node-2 | L= final_L : Current Leader is node-1
ERROR: GET id=325 failed (k=M): |Src: node-2 | M= final_M : Current Leader is node-1
ERROR: GET id=326 failed (k=N): |Src: node-2 | N= final_N : Current Leader is node-1
ERROR: GET id=327 failed (k=O): |Src: node-2 | O= final_O : Current Leader is node-1
ERROR: GET id=328 failed (k=P): |Src: node-2 | P= final_P : Current Leader is node-1
ERROR: GET id=329 failed (k=Q): |Src: node-2 | Q= final_Q : Current Leader is node-1
ERROR: GET id=330 failed (k=R): |Src: node-2 | R= final_R : Current Leader is node-1
ERROR: GET id=331 failed (k=S): |Src: node-2 | S= final_S : Current Leader is node-1
ERROR: GET id=332 failed (k=T): |Src: node-2 | T= final_T : Current Leader is node-1
ERROR: GET id=333 failed (k=U): |Src: node-2 | U= final_U : Current Leader is node-1
ERROR: GET id=334 failed (k=V): |Src: node-2 | V= final_V : Current Leader is node-1
ERROR: GET id=335 failed (k=W): |Src: node-2 | W= final_W : Current Leader is node-1
ERROR: GET id=336 failed (k=X): |Src: node-2 | X= final_X : Current Leader is node-1
ERROR: GET id=337 failed (k=Y): |Src: node-2 | Y= final_Y : Current Leader is node-1
ERROR: GET id=338 failed (k=Z): |Src: node-2 | Z= final_Z : Current Leader is node-1
ERROR: GET id=339 failed (k=A): |Src: node-3 | A= final_A : Current Leader is node-1
ERROR: GET id=340 failed (k=B): |Src: node-3 | B= final_B : Current Leader is node-1
ERROR: GET id=341 failed (k=C): |Src: node-3 | C= final_C : Current Leader is node-1
ERROR: GET id=342 failed (k=D): |Src: node-3 | D= final_D : Current Leader is node-1
ERROR: GET id=343 failed (k=E): |Src: node-3 | E= final_E : Current Leader is node-1
ERROR: GET id=344 failed (k=F): |Src: node-3 | F= final_F : Current Leader is node-1
ERROR: GET id=345 failed (k=G): |Src: node-3 | G= final_G : Current Leader is node-1
ERROR: GET id=346 failed (k=H): |Src: node-3 | H= final_H : Current Leader is node-1
ERROR: GET id=347 failed (k=I): |Src: node-3 | I= final_I : Current Leader is node-1
ERROR: GET id=348 failed (k=J): |Src: node-3 | J= final_J : Current Leader is node-1
ERROR: GET id=349 failed (k=K): |Src: node-3 | K= final_K : Current Leader is node-1
ERROR: GET id=350 failed (k=L): |Src: node-3 | L= final_L : Current Leader is node-1
ERROR: GET id=351 failed (k=M): |Src: node-3 | M= final_M : Current Leader is node-1
ERROR: GET id=352 failed (k=N): |Src: node-3 | N= final_N : Current Leader is node-1
ERROR: GET id=353 failed (k=O): |Src: node-3 | O= final_O : Current Leader is node-1
ERROR: GET id=354 failed (k=P): |Src: node-3 | P= final_P : Current Leader is node-1
ERROR: GET id=355 failed (k=Q): |Src: node-3 | Q= final_Q : Current Leader is node-1
ERROR: GET id=356 failed (k=R): |Src: node-3 | R= final_R : Current Leader is node-1
ERROR: GET id=357 failed (k=S): |Src: node-3 | S= final_S : Current Leader is node-1
ERROR: GET id=358 failed (k=T): |Src: node-3 | T= final_T : Current Leader is node-1
ERROR: GET id=359 failed (k=U): |Src: node-3 | U= final_U : Current Leader is node-1
ERROR: GET id=360 failed (k=V): |Src: node-3 | V= final_V : Current Leader is node-1
ERROR: GET id=361 failed (k=W): |Src: node-3 | W= final_W : Current Leader is node-1
ERROR: GET id=362 failed (k=X): |Src: node-3 | X= final_X : Current Leader is node-1
ERROR: GET id=363 failed (k=Y): |Src: node-3 | Y= final_Y : Current Leader is node-1
ERROR: GET id=364 failed (k=Z): |Src: node-3 | Z= final_Z : Current Leader is node-1
ERROR: GET id=365 failed (k=A): |Src: node-4 | A= final_A : Current Leader is node-1
ERROR: GET id=366 failed (k=B): |Src: node-4 | B= final_B : Current Leader is node-1
ERROR: GET id=367 failed (k=C): |Src: node-4 | C= final_C : Current Leader is node-1
ERROR: GET id=368 failed (k=D): |Src: node-4 | D= final_D : Current Leader is node-1
ERROR: GET id=369 failed (k=E): |Src: node-4 | E= final_E : Current Leader is node-1
ERROR: GET id=370 failed (k=F): |Src: node-4 | F= final_F : Current Leader is node-1
ERROR: GET id=371 failed (k=G): |Src: node-4 | G= final_G : Current Leader is node-1
ERROR: GET id=372 failed (k=H): |Src: node-4 | H= final_H : Current Leader is node-1
ERROR: GET id=373 failed (k=I): |Src: node-4 | I= final_I : Current Leader is node-1
ERROR: GET id=374 failed (k=J): |Src: node-4 | J= final_J : Current Leader is node-1
ERROR: GET id=375 failed (k=K): |Src: node-4 | K= final_K : Current Leader is node-1
ERROR: GET id=376 failed (k=L): |Src: node-4 | L= final_L : Current Leader is node-1
ERROR: GET id=377 failed (k=M): |Src: node-4 | M= final_M : Current Leader is node-1
ERROR: GET id=378 failed (k=N): |Src: node-4 | N= final_N : Current Leader is node-1
ERROR: GET id=379 failed (k=O): |Src: node-4 | O= final_O : Current Leader is node-1
ERROR: GET id=380 failed (k=P): |Src: node-4 | P= final_P : Current Leader is node-1
ERROR: GET id=381 failed (k=Q): |Src: node-4 | Q= final_Q : Current Leader is node-1
ERROR: GET id=382 failed (k=R): |Src: node-4 | R= final_R : Current Leader is node-1
ERROR: GET id=383 failed (k=S): |Src: node-4 | S= final_S : Current Leader is node-1
ERROR: GET id=384 failed (k=T): |Src: node-4 | T= final_T : Current Leader is node-1
ERROR: GET id=385 failed (k=U): |Src: node-4 | U= final_U : Current Leader is node-1
ERROR: GET id=386 failed (k=V): |Src: node-4 | V= final_V : Current Leader is node-1
ERROR: GET id=387 failed (k=W): |Src: node-4 | W= final_W : Current Leader is node-1
ERROR: GET id=388 failed (k=X): |Src: node-4 | X= final_X : Current Leader is node-1
ERROR: GET id=389 failed (k=Y): |Src: node-4 | Y= final_Y : Current Leader is node-1
ERROR: GET id=390 failed (k=Z): |Src: node-4 | Z= final_Z : Current Leader is node-1
